0 verbose cli C:\Program Files\nodejs\node.exe C:\Users\LUBS\AppData\Roaming\npm\node_modules\npm\bin\npm-cli.js
1 info using npm@11.2.0
2 info using node@v22.14.0
3 silly config load:file:C:\Users\LUBS\AppData\Roaming\npm\node_modules\npm\npmrc
4 silly config load:file:C:\Users\LUBS\Desktop\Visionate-Digital\.npmrc
5 silly config load:file:C:\Users\LUBS\.npmrc
6 silly config load:file:C:\Users\LUBS\AppData\Roaming\npm\etc\npmrc
7 verbose title npm install @mailchimp/mailchimp_marketing
8 verbose argv "install" "@mailchimp/mailchimp_marketing"
9 verbose logfile logs-max:10 dir:C:\Users\LUBS\Desktop\Visionate-Digital\npm-cache\_logs\2025-03-29T06_28_01_262Z-
10 verbose logfile C:\Users\LUBS\Desktop\Visionate-Digital\npm-cache\_logs\2025-03-29T06_28_01_262Z-debug-0.log
11 silly logfile done cleaning log files
12 silly packumentCache heap:2197815296 maxSize:549453824 maxEntrySize:274726912
13 silly idealTree buildDeps
14 silly fetch manifest @mailchimp/mailchimp_marketing@*
15 silly packumentCache full:https://registry.npmjs.org/@mailchimp%2fmailchimp_marketing cache-miss
16 http fetch GET 200 https://registry.npmjs.org/@mailchimp%2fmailchimp_marketing 2552ms (cache miss)
17 silly packumentCache full:https://registry.npmjs.org/@mailchimp%2fmailchimp_marketing set size:undefined disposed:false
18 silly placeDep ROOT @mailchimp/mailchimp_marketing@3.0.80 OK for: awesome-studio@0.1.0 want: *
19 silly fetch manifest superagent@3.8.1
20 silly packumentCache full:https://registry.npmjs.org/superagent cache-miss
21 silly fetch manifest dotenv@^8.2.0
22 silly packumentCache full:https://registry.npmjs.org/dotenv cache-miss
23 http fetch GET 200 https://registry.npmjs.org/superagent 329ms (cache miss)
24 silly packumentCache full:https://registry.npmjs.org/superagent set size:undefined disposed:false
25 http fetch GET 200 https://registry.npmjs.org/dotenv 567ms (cache miss)
26 silly packumentCache full:https://registry.npmjs.org/dotenv set size:undefined disposed:false
27 silly placeDep ROOT dotenv@8.6.0 OK for: @mailchimp/mailchimp_marketing@3.0.80 want: ^8.2.0
28 silly placeDep ROOT superagent@3.8.1 OK for: @mailchimp/mailchimp_marketing@3.0.80 want: 3.8.1
29 silly fetch manifest qs@^6.5.1
30 silly packumentCache full:https://registry.npmjs.org/qs cache-miss
31 silly fetch manifest mime@^1.4.1
32 silly packumentCache full:https://registry.npmjs.org/mime cache-miss
33 silly fetch manifest debug@^3.1.0
34 silly packumentCache full:https://registry.npmjs.org/debug cache-miss
35 http fetch GET 200 https://registry.npmjs.org/mime 147ms (cache miss)
36 silly packumentCache full:https://registry.npmjs.org/mime set size:undefined disposed:false
37 silly fetch manifest extend@^3.0.0
38 silly packumentCache full:https://registry.npmjs.org/extend cache-miss
39 http fetch GET 200 https://registry.npmjs.org/qs 162ms (cache miss)
40 silly packumentCache full:https://registry.npmjs.org/qs set size:undefined disposed:false
41 silly fetch manifest methods@^1.1.1
42 silly packumentCache full:https://registry.npmjs.org/methods cache-miss
43 http fetch GET 200 https://registry.npmjs.org/extend 143ms (cache miss)
44 silly packumentCache full:https://registry.npmjs.org/extend set size:undefined disposed:false
45 silly fetch manifest cookiejar@^2.1.0
46 silly packumentCache full:https://registry.npmjs.org/cookiejar cache-miss
47 http fetch GET 200 https://registry.npmjs.org/methods 152ms (cache miss)
48 silly packumentCache full:https://registry.npmjs.org/methods set size:undefined disposed:false
49 silly fetch manifest form-data@^2.3.1
50 silly packumentCache full:https://registry.npmjs.org/form-data cache-miss
51 http fetch GET 200 https://registry.npmjs.org/debug 432ms (cache miss)
52 silly packumentCache full:https://registry.npmjs.org/debug set size:undefined disposed:false
53 silly fetch manifest formidable@^1.1.1
54 silly packumentCache full:https://registry.npmjs.org/formidable cache-miss
55 http fetch GET 200 https://registry.npmjs.org/form-data 139ms (cache miss)
56 silly packumentCache full:https://registry.npmjs.org/form-data set size:undefined disposed:false
57 silly fetch manifest readable-stream@^2.0.5
58 silly packumentCache full:https://registry.npmjs.org/readable-stream cache-miss
59 http fetch GET 200 https://registry.npmjs.org/cookiejar 268ms (cache miss)
60 silly packumentCache full:https://registry.npmjs.org/cookiejar set size:undefined disposed:false
61 silly fetch manifest component-emitter@^1.2.0
62 silly packumentCache full:https://registry.npmjs.org/component-emitter cache-miss
63 http fetch GET 200 https://registry.npmjs.org/formidable 313ms (cache miss)
64 silly packumentCache full:https://registry.npmjs.org/formidable set size:undefined disposed:false
65 http fetch GET 200 https://registry.npmjs.org/readable-stream 345ms (cache miss)
66 silly packumentCache full:https://registry.npmjs.org/readable-stream set size:undefined disposed:false
67 http fetch GET 200 https://registry.npmjs.org/component-emitter 292ms (cache miss)
68 silly packumentCache full:https://registry.npmjs.org/component-emitter set size:undefined disposed:false
69 silly placeDep ROOT component-emitter@1.3.1 OK for: superagent@3.8.1 want: ^1.2.0
70 silly placeDep ROOT cookiejar@2.1.4 OK for: superagent@3.8.1 want: ^2.1.0
71 silly placeDep node_modules/superagent debug@3.2.7 OK for: superagent@3.8.1 want: ^3.1.0
72 silly placeDep ROOT extend@3.0.2 OK for: superagent@3.8.1 want: ^3.0.0
73 silly placeDep ROOT form-data@2.5.3 OK for: superagent@3.8.1 want: ^2.3.1
74 silly placeDep ROOT formidable@1.2.6 OK for: superagent@3.8.1 want: ^1.1.1
75 silly placeDep ROOT methods@1.1.2 OK for: superagent@3.8.1 want: ^1.1.1
76 silly placeDep ROOT mime@1.6.0 OK for: superagent@3.8.1 want: ^1.4.1
77 silly placeDep ROOT qs@6.14.0 OK for: superagent@3.8.1 want: ^6.5.1
78 silly placeDep ROOT readable-stream@2.3.8 OK for: superagent@3.8.1 want: ^2.0.5
79 silly fetch manifest asynckit@^0.4.0
80 silly packumentCache full:https://registry.npmjs.org/asynckit cache-miss
81 silly fetch manifest mime-types@^2.1.35
82 silly packumentCache full:https://registry.npmjs.org/mime-types cache-miss
83 silly fetch manifest safe-buffer@^5.2.1
84 silly packumentCache full:https://registry.npmjs.org/safe-buffer cache-miss
85 http fetch GET 200 https://registry.npmjs.org/safe-buffer 195ms (cache miss)
86 silly packumentCache full:https://registry.npmjs.org/safe-buffer set size:undefined disposed:false
87 silly fetch manifest combined-stream@^1.0.8
88 silly packumentCache full:https://registry.npmjs.org/combined-stream cache-miss
89 http fetch GET 200 https://registry.npmjs.org/asynckit 200ms (cache miss)
90 silly packumentCache full:https://registry.npmjs.org/asynckit set size:undefined disposed:false
91 silly fetch manifest isarray@~1.0.0
92 silly packumentCache full:https://registry.npmjs.org/isarray cache-miss
93 http fetch GET 200 https://registry.npmjs.org/mime-types 228ms (cache miss)
94 silly packumentCache full:https://registry.npmjs.org/mime-types set size:undefined disposed:false
95 silly fetch manifest inherits@~2.0.3
96 silly packumentCache full:https://registry.npmjs.org/inherits cache-miss
97 http fetch GET 200 https://registry.npmjs.org/combined-stream 118ms (cache miss)
98 silly packumentCache full:https://registry.npmjs.org/combined-stream set size:undefined disposed:false
99 silly fetch manifest safe-buffer@~5.1.1
100 silly packumentCache full:https://registry.npmjs.org/safe-buffer cache-miss
101 http cache https://registry.npmjs.org/safe-buffer 21ms (cache hit)
102 silly packumentCache full:https://registry.npmjs.org/safe-buffer set size:41183 disposed:false
103 silly fetch manifest core-util-is@~1.0.0
104 silly packumentCache full:https://registry.npmjs.org/core-util-is cache-miss
105 http fetch GET 200 https://registry.npmjs.org/isarray 438ms (cache miss)
106 silly packumentCache full:https://registry.npmjs.org/isarray set size:undefined disposed:false
107 silly fetch manifest string_decoder@~1.1.1
108 silly packumentCache full:https://registry.npmjs.org/string_decoder cache-miss
109 http fetch GET 200 https://registry.npmjs.org/inherits 412ms (cache miss)
110 silly packumentCache full:https://registry.npmjs.org/inherits set size:undefined disposed:false
111 silly fetch manifest process-nextick-args@~2.0.0
112 silly packumentCache full:https://registry.npmjs.org/process-nextick-args cache-miss
113 http fetch GET 200 https://registry.npmjs.org/core-util-is 422ms (cache miss)
114 silly packumentCache full:https://registry.npmjs.org/core-util-is set size:undefined disposed:false
115 http fetch GET 200 https://registry.npmjs.org/string_decoder 322ms (cache miss)
116 silly packumentCache full:https://registry.npmjs.org/string_decoder set size:undefined disposed:false
117 http fetch GET 200 https://registry.npmjs.org/process-nextick-args 319ms (cache miss)
118 silly packumentCache full:https://registry.npmjs.org/process-nextick-args set size:undefined disposed:false
119 silly placeDep ROOT asynckit@0.4.0 OK for: form-data@2.5.3 want: ^0.4.0
120 silly placeDep ROOT combined-stream@1.0.8 OK for: form-data@2.5.3 want: ^1.0.8
121 silly placeDep ROOT mime-types@2.1.35 OK for: form-data@2.5.3 want: ^2.1.35
122 silly placeDep ROOT safe-buffer@5.2.1 OK for: form-data@2.5.3 want: ^5.2.1
123 silly fetch manifest delayed-stream@~1.0.0
124 silly packumentCache full:https://registry.npmjs.org/delayed-stream cache-miss
125 silly fetch manifest mime-db@1.52.0
126 silly packumentCache full:https://registry.npmjs.org/mime-db cache-miss
127 http fetch GET 200 https://registry.npmjs.org/delayed-stream 259ms (cache miss)
128 silly packumentCache full:https://registry.npmjs.org/delayed-stream set size:undefined disposed:false
129 http fetch GET 200 https://registry.npmjs.org/mime-db 265ms (cache miss)
130 silly packumentCache full:https://registry.npmjs.org/mime-db set size:undefined disposed:false
131 silly placeDep ROOT delayed-stream@1.0.0 OK for: combined-stream@1.0.8 want: ~1.0.0
132 silly placeDep ROOT mime-db@1.52.0 OK for: mime-types@2.1.35 want: 1.52.0
133 silly placeDep ROOT core-util-is@1.0.3 OK for: readable-stream@2.3.8 want: ~1.0.0
134 silly placeDep ROOT inherits@2.0.4 OK for: readable-stream@2.3.8 want: ~2.0.3
135 silly placeDep node_modules/readable-stream isarray@1.0.0 OK for: readable-stream@2.3.8 want: ~1.0.0
136 silly placeDep ROOT process-nextick-args@2.0.1 OK for: readable-stream@2.3.8 want: ~2.0.0
137 silly placeDep node_modules/readable-stream safe-buffer@5.1.2 OK for: readable-stream@2.3.8 want: ~5.1.1
138 silly placeDep ROOT string_decoder@1.1.1 OK for: readable-stream@2.3.8 want: ~1.1.1
139 silly fetch manifest safe-buffer@~5.1.0
140 silly packumentCache full:https://registry.npmjs.org/safe-buffer cache-hit
141 silly placeDep node_modules/string_decoder safe-buffer@5.1.2 OK for: string_decoder@1.1.1 want: ~5.1.0
142 silly reify moves {}
143 silly audit bulk request {
143 silly audit   '@alloc/quick-lru': [ '5.2.0' ],
143 silly audit   '@emnapi/runtime': [ '1.3.1' ],
143 silly audit   '@eslint-community/eslint-utils': [ '4.4.1' ],
143 silly audit   'eslint-visitor-keys': [ '3.4.3', '4.2.0' ],
143 silly audit   '@eslint-community/regexpp': [ '4.12.1' ],
143 silly audit   '@eslint/config-array': [ '0.19.2' ],
143 silly audit   '@eslint/core': [ '0.11.0' ],
143 silly audit   '@eslint/eslintrc': [ '3.2.0' ],
143 silly audit   '@eslint/js': [ '9.20.0' ],
143 silly audit   '@eslint/object-schema': [ '2.1.6' ],
143 silly audit   '@eslint/plugin-kit': [ '0.2.6' ],
143 silly audit   '@humanfs/core': [ '0.19.1' ],
143 silly audit   '@humanfs/node': [ '0.16.6' ],
143 silly audit   '@humanwhocodes/retry': [ '0.3.1', '0.4.2' ],
143 silly audit   '@humanwhocodes/module-importer': [ '1.0.1' ],
143 silly audit   '@img/sharp-darwin-arm64': [ '0.33.5' ],
143 silly audit   '@img/sharp-darwin-x64': [ '0.33.5' ],
143 silly audit   '@img/sharp-libvips-darwin-arm64': [ '1.0.4' ],
143 silly audit   '@img/sharp-libvips-darwin-x64': [ '1.0.4' ],
143 silly audit   '@img/sharp-libvips-linux-arm': [ '1.0.5' ],
143 silly audit   '@img/sharp-libvips-linux-arm64': [ '1.0.4' ],
143 silly audit   '@img/sharp-libvips-linux-s390x': [ '1.0.4' ],
143 silly audit   '@img/sharp-libvips-linux-x64': [ '1.0.4' ],
143 silly audit   '@img/sharp-libvips-linuxmusl-arm64': [ '1.0.4' ],
143 silly audit   '@img/sharp-libvips-linuxmusl-x64': [ '1.0.4' ],
143 silly audit   '@img/sharp-linux-arm': [ '0.33.5' ],
143 silly audit   '@img/sharp-linux-arm64': [ '0.33.5' ],
143 silly audit   '@img/sharp-linux-s390x': [ '0.33.5' ],
143 silly audit   '@img/sharp-linux-x64': [ '0.33.5' ],
143 silly audit   '@img/sharp-linuxmusl-arm64': [ '0.33.5' ],
143 silly audit   '@img/sharp-linuxmusl-x64': [ '0.33.5' ],
143 silly audit   '@img/sharp-wasm32': [ '0.33.5' ],
143 silly audit   '@img/sharp-win32-ia32': [ '0.33.5' ],
143 silly audit   '@img/sharp-win32-x64': [ '0.33.5' ],
143 silly audit   '@isaacs/cliui': [ '8.0.2' ],
143 silly audit   '@jridgewell/gen-mapping': [ '0.3.8' ],
143 silly audit   '@jridgewell/resolve-uri': [ '3.1.2' ],
143 silly audit   '@jridgewell/set-array': [ '1.2.1' ],
143 silly audit   '@jridgewell/sourcemap-codec': [ '1.5.0' ],
143 silly audit   '@jridgewell/trace-mapping': [ '0.3.25' ],
143 silly audit   '@next/env': [ '15.1.0' ],
143 silly audit   '@next/eslint-plugin-next': [ '15.1.0' ],
143 silly audit   '@next/swc-darwin-arm64': [ '15.1.0' ],
143 silly audit   '@next/swc-darwin-x64': [ '15.1.0' ],
143 silly audit   '@next/swc-linux-arm64-gnu': [ '15.1.0' ],
143 silly audit   '@next/swc-linux-arm64-musl': [ '15.1.0' ],
143 silly audit   '@next/swc-linux-x64-gnu': [ '15.1.0' ],
143 silly audit   '@next/swc-linux-x64-musl': [ '15.1.0' ],
143 silly audit   '@next/swc-win32-arm64-msvc': [ '15.1.0' ],
143 silly audit   '@next/swc-win32-x64-msvc': [ '15.1.0' ],
143 silly audit   '@nodelib/fs.scandir': [ '2.1.5' ],
143 silly audit   '@nodelib/fs.stat': [ '2.0.5' ],
143 silly audit   '@nodelib/fs.walk': [ '1.2.8' ],
143 silly audit   '@nolyfill/is-core-module': [ '1.0.39' ],
143 silly audit   '@pkgjs/parseargs': [ '0.11.0' ],
143 silly audit   '@radix-ui/react-compose-refs': [ '1.1.1' ],
143 silly audit   '@radix-ui/react-primitive': [ '2.0.2' ],
143 silly audit   '@radix-ui/react-separator': [ '1.1.2' ],
143 silly audit   '@radix-ui/react-slot': [ '1.1.2' ],
143 silly audit   '@rtsao/scc': [ '1.1.0' ],
143 silly audit   '@rushstack/eslint-patch': [ '1.10.5' ],
143 silly audit   '@swc/counter': [ '0.1.3' ],
143 silly audit   '@swc/helpers': [ '0.5.15' ],
143 silly audit   '@types/estree': [ '1.0.6' ],
143 silly audit   '@types/json-schema': [ '7.0.15' ],
143 silly audit   '@types/json5': [ '0.0.29' ],
143 silly audit   '@types/node': [ '20.17.19' ],
143 silly audit   '@types/react': [ '19.0.10' ],
143 silly audit   '@types/react-dom': [ '19.0.4' ],
143 silly audit   '@typescript-eslint/eslint-plugin': [ '8.24.1' ],
143 silly audit   '@typescript-eslint/parser': [ '8.24.1' ],
143 silly audit   '@typescript-eslint/scope-manager': [ '8.24.1' ],
143 silly audit   '@typescript-eslint/type-utils': [ '8.24.1' ],
143 silly audit   '@typescript-eslint/types': [ '8.24.1' ],
143 silly audit   '@typescript-eslint/typescript-estree': [ '8.24.1' ],
143 silly audit   'brace-expansion': [ '2.0.1', '1.1.11' ],
143 silly audit   'fast-glob': [ '3.3.3', '3.3.1' ],
143 silly audit   'glob-parent': [ '5.1.2', '6.0.2' ],
143 silly audit   minimatch: [ '9.0.5', '3.1.2' ],
143 silly audit   '@typescript-eslint/utils': [ '8.24.1' ],
143 silly audit   '@typescript-eslint/visitor-keys': [ '8.24.1' ],
143 silly audit   '@vercel/analytics': [ '1.5.0' ],
143 silly audit   acorn: [ '8.14.0' ],
143 silly audit   'acorn-jsx': [ '5.3.2' ],
143 silly audit   ajv: [ '6.12.6' ],
143 silly audit   'ansi-regex': [ '6.1.0', '5.0.1' ],
143 silly audit   'ansi-styles': [ '4.3.0', '6.2.1' ],
143 silly audit   'any-promise': [ '1.3.0' ],
143 silly audit   anymatch: [ '3.1.3' ],
143 silly audit   arg: [ '5.0.2' ],
143 silly audit   argparse: [ '2.0.1' ],
143 silly audit   'aria-query': [ '5.3.2' ],
143 silly audit   'array-buffer-byte-length': [ '1.0.2' ],
143 silly audit   'array-includes': [ '3.1.8' ],
143 silly audit   'array.prototype.findlast': [ '1.2.5' ],
143 silly audit   'array.prototype.findlastindex': [ '1.2.5' ],
143 silly audit   'array.prototype.flat': [ '1.3.3' ],
143 silly audit   'array.prototype.flatmap': [ '1.3.3' ],
143 silly audit   'array.prototype.tosorted': [ '1.1.4' ],
143 silly audit   'arraybuffer.prototype.slice': [ '1.0.4' ],
143 silly audit   'ast-types-flow': [ '0.0.8' ],
143 silly audit   'async-function': [ '1.0.0' ],
143 silly audit   'available-typed-arrays': [ '1.0.7' ],
143 silly audit   'axe-core': [ '4.10.2' ],
143 silly audit   'axobject-query': [ '4.1.0' ],
143 silly audit   'balanced-match': [ '1.0.2' ],
143 silly audit   'binary-extensions': [ '2.3.0' ],
143 silly audit   braces: [ '3.0.3' ],
143 silly audit   busboy: [ '1.6.0' ],
143 silly audit   'call-bind': [ '1.0.8' ],
143 silly audit   'call-bind-apply-helpers': [ '1.0.2' ],
143 silly audit   'call-bound': [ '1.0.3' ],
143 silly audit   callsites: [ '3.1.0' ],
143 silly audit   'camelcase-css': [ '2.0.1' ],
143 silly audit   'caniuse-lite': [ '1.0.30001700' ],
143 silly audit   chalk: [ '4.1.2' ],
143 silly audit   chokidar: [ '3.6.0' ],
143 silly audit   'class-variance-authority': [ '0.7.1' ],
143 silly audit   'client-only': [ '0.0.1' ],
143 silly audit   clsx: [ '2.1.1' ],
143 silly audit   color: [ '4.2.3' ],
143 silly audit   'color-convert': [ '2.0.1' ],
143 silly audit   'color-name': [ '1.1.4' ],
143 silly audit   'color-string': [ '1.9.1' ],
143 silly audit   commander: [ '4.1.1' ],
143 silly audit   'concat-map': [ '0.0.1' ],
143 silly audit   'cross-spawn': [ '7.0.6' ],
143 silly audit   cssesc: [ '3.0.0' ],
143 silly audit   csstype: [ '3.1.3' ],
143 silly audit   'damerau-levenshtein': [ '1.0.8' ],
143 silly audit   'data-view-buffer': [ '1.0.2' ],
143 silly audit   'data-view-byte-length': [ '1.0.2' ],
143 silly audit   'data-view-byte-offset': [ '1.0.1' ],
143 silly audit   debug: [ '4.4.0', '3.2.7' ],
143 silly audit   'deep-is': [ '0.1.4' ],
143 silly audit   'define-data-property': [ '1.1.4' ],
143 silly audit   'define-properties': [ '1.2.1' ],
143 silly audit   'detect-libc': [ '2.0.3' ],
143 silly audit   didyoumean: [ '1.2.2' ],
143 silly audit   dlv: [ '1.1.3' ],
143 silly audit   doctrine: [ '2.1.0' ],
143 silly audit   'dunder-proto': [ '1.0.1' ],
143 silly audit   eastasianwidth: [ '0.2.0' ],
143 silly audit   'emoji-regex': [ '9.2.2', '8.0.0' ],
143 silly audit   'enhanced-resolve': [ '5.18.1' ],
143 silly audit   'es-abstract': [ '1.23.9' ],
143 silly audit   'es-define-property': [ '1.0.1' ],
143 silly audit   'es-errors': [ '1.3.0' ],
143 silly audit   'es-iterator-helpers': [ '1.2.1' ],
143 silly audit   'es-object-atoms': [ '1.1.1' ],
143 silly audit   'es-set-tostringtag': [ '2.1.0' ],
143 silly audit   'es-shim-unscopables': [ '1.1.0' ],
143 silly audit   'es-to-primitive': [ '1.3.0' ],
143 silly audit   'escape-string-regexp': [ '4.0.0' ],
143 silly audit   eslint: [ '9.20.1' ],
143 silly audit   'eslint-config-next': [ '15.1.0' ],
143 silly audit   'eslint-import-resolver-node': [ '0.3.9' ],
143 silly audit   'eslint-import-resolver-typescript': [ '3.8.3' ],
143 silly audit   'eslint-module-utils': [ '2.12.0' ],
143 silly audit   'eslint-plugin-import': [ '2.31.0' ],
143 silly audit   semver: [ '6.3.1', '7.7.1' ],
143 silly audit   'eslint-plugin-jsx-a11y': [ '6.10.2' ],
143 silly audit   'eslint-plugin-react': [ '7.37.4' ],
143 silly audit   'eslint-plugin-react-hooks': [ '5.1.0' ],
143 silly audit   resolve: [ '2.0.0-next.5', '1.22.10' ],
143 silly audit   'eslint-scope': [ '8.2.0' ],
143 silly audit   espree: [ '10.3.0' ],
143 silly audit   esquery: [ '1.6.0' ],
143 silly audit   esrecurse: [ '4.3.0' ],
143 silly audit   estraverse: [ '5.3.0' ],
143 silly audit   esutils: [ '2.0.3' ],
143 silly audit   'fast-deep-equal': [ '3.1.3' ],
143 silly audit   'fast-json-stable-stringify': [ '2.1.0' ],
143 silly audit   'fast-levenshtein': [ '2.0.6' ],
143 silly audit   fastq: [ '1.19.0' ],
143 silly audit   'file-entry-cache': [ '8.0.0' ],
143 silly audit   'fill-range': [ '7.1.1' ],
143 silly audit   'find-up': [ '5.0.0' ],
143 silly audit   'flat-cache': [ '4.0.1' ],
143 silly audit   flatted: [ '3.3.3' ],
143 silly audit   'for-each': [ '0.3.5' ],
143 silly audit   'foreground-child': [ '3.3.0' ],
143 silly audit   'framer-motion': [ '12.4.7' ],
143 silly audit   fsevents: [ '2.3.3' ],
143 silly audit   'function-bind': [ '1.1.2' ],
143 silly audit   'function.prototype.name': [ '1.1.8' ],
143 silly audit   'functions-have-names': [ '1.2.3' ],
143 silly audit   'get-intrinsic': [ '1.2.7' ],
143 silly audit   'get-proto': [ '1.0.1' ],
143 silly audit   'get-symbol-description': [ '1.1.0' ],
143 silly audit   'get-tsconfig': [ '4.10.0' ],
143 silly audit   glob: [ '10.4.5' ],
143 silly audit   globals: [ '14.0.0' ],
143 silly audit   globalthis: [ '1.0.4' ],
143 silly audit   gopd: [ '1.2.0' ],
143 silly audit   'graceful-fs': [ '4.2.11' ],
143 silly audit   graphemer: [ '1.4.0' ],
143 silly audit   'has-bigints': [ '1.1.0' ],
143 silly audit   'has-flag': [ '4.0.0' ],
143 silly audit   'has-property-descriptors': [ '1.0.2' ],
143 silly audit   'has-proto': [ '1.2.0' ],
143 silly audit   'has-symbols': [ '1.1.0' ],
143 silly audit   'has-tostringtag': [ '1.0.2' ],
143 silly audit   hasown: [ '2.0.2' ],
143 silly audit   ignore: [ '5.3.2' ],
143 silly audit   'import-fresh': [ '3.3.1' ],
143 silly audit   imurmurhash: [ '0.1.4' ],
143 silly audit   'internal-slot': [ '1.1.0' ],
143 silly audit   'is-array-buffer': [ '3.0.5' ],
143 silly audit   'is-arrayish': [ '0.3.2' ],
143 silly audit   'is-async-function': [ '2.1.1' ],
143 silly audit   'is-bigint': [ '1.1.0' ],
143 silly audit   'is-binary-path': [ '2.1.0' ],
143 silly audit   'is-boolean-object': [ '1.2.2' ],
143 silly audit   'is-bun-module': [ '1.3.0' ],
143 silly audit   'is-callable': [ '1.2.7' ],
143 silly audit   'is-core-module': [ '2.16.1' ],
143 silly audit   'is-data-view': [ '1.0.2' ],
143 silly audit   'is-date-object': [ '1.1.0' ],
143 silly audit   'is-extglob': [ '2.1.1' ],
143 silly audit   'is-finalizationregistry': [ '1.1.1' ],
143 silly audit   'is-fullwidth-code-point': [ '3.0.0' ],
143 silly audit   'is-generator-function': [ '1.1.0' ],
143 silly audit   'is-glob': [ '4.0.3' ],
143 silly audit   'is-map': [ '2.0.3' ],
143 silly audit   'is-number': [ '7.0.0' ],
143 silly audit   'is-number-object': [ '1.1.1' ],
143 silly audit   'is-regex': [ '1.2.1' ],
143 silly audit   'is-set': [ '2.0.3' ],
143 silly audit   'is-shared-array-buffer': [ '1.0.4' ],
143 silly audit   'is-string': [ '1.1.1' ],
143 silly audit   'is-symbol': [ '1.1.1' ],
143 silly audit   'is-typed-array': [ '1.1.15' ],
143 silly audit   'is-weakmap': [ '2.0.2' ],
143 silly audit   'is-weakref': [ '1.1.1' ],
143 silly audit   'is-weakset': [ '2.0.4' ],
143 silly audit   isarray: [ '2.0.5', '1.0.0' ],
143 silly audit   isexe: [ '2.0.0' ],
143 silly audit   'iterator.prototype': [ '1.1.5' ],
143 silly audit   jackspeak: [ '3.4.3' ],
143 silly audit   jiti: [ '1.21.7' ],
143 silly audit   'js-tokens': [ '4.0.0' ],
143 silly audit   'js-yaml': [ '4.1.0' ],
143 silly audit   'json-buffer': [ '3.0.1' ],
143 silly audit   'json-schema-traverse': [ '0.4.1' ],
143 silly audit   'json-stable-stringify-without-jsonify': [ '1.0.1' ],
143 silly audit   json5: [ '1.0.2' ],
143 silly audit   'jsx-ast-utils': [ '3.3.5' ],
143 silly audit   keyv: [ '4.5.4' ],
143 silly audit   'language-subtag-registry': [ '0.3.23' ],
143 silly audit   'language-tags': [ '1.0.9' ],
143 silly audit   levn: [ '0.4.1' ],
143 silly audit   lilconfig: [ '3.1.3' ],
143 silly audit   'lines-and-columns': [ '1.2.4' ],
143 silly audit   'locate-path': [ '6.0.0' ],
143 silly audit   'lodash.merge': [ '4.6.2' ],
143 silly audit   'loose-envify': [ '1.4.0' ],
143 silly audit   'lru-cache': [ '10.4.3' ],
143 silly audit   'lucide-react': [ '0.475.0' ],
143 silly audit   'math-intrinsics': [ '1.1.0' ],
143 silly audit   merge2: [ '1.4.1' ],
143 silly audit   micromatch: [ '4.0.8' ],
143 silly audit   minimist: [ '1.2.8' ],
143 silly audit   minipass: [ '7.1.2' ],
143 silly audit   'motion-dom': [ '12.4.5' ],
143 silly audit   'motion-utils': [ '12.0.0' ],
143 silly audit   ms: [ '2.1.3' ],
143 silly audit   mz: [ '2.7.0' ],
143 silly audit   nanoid: [ '3.3.8' ],
143 silly audit   'natural-compare': [ '1.4.0' ],
143 silly audit   next: [ '15.1.0' ],
143 silly audit   postcss: [ '8.4.31', '8.5.3' ],
143 silly audit   'normalize-path': [ '3.0.0' ],
143 silly audit   'object-assign': [ '4.1.1' ],
143 silly audit   'object-hash': [ '3.0.0' ],
143 silly audit   'object-inspect': [ '1.13.4' ],
143 silly audit   'object-keys': [ '1.1.1' ],
143 silly audit   'object.assign': [ '4.1.7' ],
143 silly audit   'object.entries': [ '1.1.8' ],
143 silly audit   'object.fromentries': [ '2.0.8' ],
143 silly audit   'object.groupby': [ '1.0.3' ],
143 silly audit   'object.values': [ '1.2.1' ],
143 silly audit   optionator: [ '0.9.4' ],
143 silly audit   'own-keys': [ '1.0.1' ],
143 silly audit   'p-limit': [ '3.1.0' ],
143 silly audit   'p-locate': [ '5.0.0' ],
143 silly audit   'package-json-from-dist': [ '1.0.1' ],
143 silly audit   'parent-module': [ '1.0.1' ],
143 silly audit   'path-exists': [ '4.0.0' ],
143 silly audit   'path-key': [ '3.1.1' ],
143 silly audit   'path-parse': [ '1.0.7' ],
143 silly audit   'path-scurry': [ '1.11.1' ],
143 silly audit   picocolors: [ '1.1.1' ],
143 silly audit   picomatch: [ '2.3.1', '4.0.2' ],
143 silly audit   pify: [ '2.3.0' ],
143 silly audit   pirates: [ '4.0.6' ],
143 silly audit   'possible-typed-array-names': [ '1.1.0' ],
143 silly audit   'postcss-import': [ '15.1.0' ],
143 silly audit   'postcss-js': [ '4.0.1' ],
143 silly audit   'postcss-load-config': [ '4.0.2' ],
143 silly audit   'postcss-nested': [ '6.2.0' ],
143 silly audit   'postcss-selector-parser': [ '6.1.2' ],
143 silly audit   'postcss-value-parser': [ '4.2.0' ],
143 silly audit   'prelude-ls': [ '1.2.1' ],
143 silly audit   'prop-types': [ '15.8.1' ],
143 silly audit   punycode: [ '2.3.1' ],
143 silly audit   'queue-microtask': [ '1.2.3' ],
143 silly audit   react: [ '19.0.0' ],
143 silly audit   'react-dom': [ '19.0.0' ],
143 silly audit   'react-icons': [ '5.5.0' ],
143 silly audit   'react-is': [ '16.13.1' ],
143 silly audit   'read-cache': [ '1.0.0' ],
143 silly audit   readdirp: [ '3.6.0' ],
143 silly audit   'reflect.getprototypeof': [ '1.0.10' ],
143 silly audit   'regexp.prototype.flags': [ '1.5.4' ],
143 silly audit   'resolve-from': [ '4.0.0' ],
143 silly audit   'resolve-pkg-maps': [ '1.0.0' ],
143 silly audit   reusify: [ '1.0.4' ],
143 silly audit   'run-parallel': [ '1.2.0' ],
143 silly audit   'safe-array-concat': [ '1.1.3' ],
143 silly audit   'safe-push-apply': [ '1.0.0' ],
143 silly audit   'safe-regex-test': [ '1.1.0' ],
143 silly audit   scheduler: [ '0.25.0' ],
143 silly audit   'set-function-length': [ '1.2.2' ],
143 silly audit   'set-function-name': [ '2.0.2' ],
143 silly audit   'set-proto': [ '1.0.0' ],
143 silly audit   sharp: [ '0.33.5' ],
143 silly audit   'shebang-command': [ '2.0.0' ],
143 silly audit   'shebang-regex': [ '3.0.0' ],
143 silly audit   'side-channel': [ '1.1.0' ],
143 silly audit   'side-channel-list': [ '1.0.0' ],
143 silly audit   'side-channel-map': [ '1.0.1' ],
143 silly audit   'side-channel-weakmap': [ '1.0.2' ],
143 silly audit   'signal-exit': [ '4.1.0' ],
143 silly audit   'simple-swizzle': [ '0.2.2' ],
143 silly audit   'source-map-js': [ '1.2.1' ],
143 silly audit   'stable-hash': [ '0.0.4' ],
143 silly audit   streamsearch: [ '1.1.0' ],
143 silly audit   'string-width': [ '5.1.2', '4.2.3' ],
143 silly audit   'strip-ansi': [ '6.0.1', '7.1.0' ],
143 silly audit   'string.prototype.includes': [ '2.0.1' ],
143 silly audit   'string.prototype.matchall': [ '4.0.12' ],
143 silly audit   'string.prototype.repeat': [ '1.0.0' ],
143 silly audit   'string.prototype.trim': [ '1.2.10' ],
143 silly audit   'string.prototype.trimend': [ '1.0.9' ],
143 silly audit   'string.prototype.trimstart': [ '1.0.8' ],
143 silly audit   'strip-bom': [ '3.0.0' ],
143 silly audit   'strip-json-comments': [ '3.1.1' ],
143 silly audit   'styled-jsx': [ '5.1.6' ],
143 silly audit   sucrase: [ '3.35.0' ],
143 silly audit   'supports-color': [ '7.2.0' ],
143 silly audit   'supports-preserve-symlinks-flag': [ '1.0.0' ],
143 silly audit   'tailwind-merge': [ '3.0.1' ],
143 silly audit   tailwindcss: [ '3.4.17' ],
143 silly audit   'tailwindcss-animate': [ '1.0.7' ],
143 silly audit   tapable: [ '2.2.1' ],
143 silly audit   thenify: [ '3.3.1' ],
143 silly audit   'thenify-all': [ '1.6.0' ],
143 silly audit   tinyglobby: [ '0.2.12' ],
143 silly audit   fdir: [ '6.4.3' ],
143 silly audit   'to-regex-range': [ '5.0.1' ],
143 silly audit   'ts-api-utils': [ '2.0.1' ],
143 silly audit   'ts-interface-checker': [ '0.1.13' ],
143 silly audit   'tsconfig-paths': [ '3.15.0' ],
143 silly audit   tslib: [ '2.8.1' ],
143 silly audit   'type-check': [ '0.4.0' ],
143 silly audit   'typed-array-buffer': [ '1.0.3' ],
143 silly audit   'typed-array-byte-length': [ '1.0.3' ],
143 silly audit   'typed-array-byte-offset': [ '1.0.4' ],
143 silly audit   'typed-array-length': [ '1.0.7' ],
143 silly audit   typescript: [ '5.7.3' ],
143 silly audit   'unbox-primitive': [ '1.1.0' ],
143 silly audit   'undici-types': [ '6.19.8' ],
143 silly audit   'uri-js': [ '4.4.1' ],
143 silly audit   'util-deprecate': [ '1.0.2' ],
143 silly audit   which: [ '2.0.2' ],
143 silly audit   'which-boxed-primitive': [ '1.1.1' ],
143 silly audit   'which-builtin-type': [ '1.2.1' ],
143 silly audit   'which-collection': [ '1.0.2' ],
143 silly audit   'which-typed-array': [ '1.1.18' ],
143 silly audit   'word-wrap': [ '1.2.5' ],
143 silly audit   'wrap-ansi': [ '8.1.0', '7.0.0' ],
143 silly audit   yaml: [ '2.7.0' ],
143 silly audit   'yocto-queue': [ '0.1.0' ],
143 silly audit   '@mailchimp/mailchimp_marketing': [ '3.0.80' ],
143 silly audit   dotenv: [ '8.6.0' ],
143 silly audit   superagent: [ '3.8.1' ],
143 silly audit   'component-emitter': [ '1.3.1' ],
143 silly audit   cookiejar: [ '2.1.4' ],
143 silly audit   extend: [ '3.0.2' ],
143 silly audit   'form-data': [ '2.5.3' ],
143 silly audit   formidable: [ '1.2.6' ],
143 silly audit   methods: [ '1.1.2' ],
143 silly audit   mime: [ '1.6.0' ],
143 silly audit   qs: [ '6.14.0' ],
143 silly audit   'readable-stream': [ '2.3.8' ],
143 silly audit   asynckit: [ '0.4.0' ],
143 silly audit   'combined-stream': [ '1.0.8' ],
143 silly audit   'mime-types': [ '2.1.35' ],
143 silly audit   'safe-buffer': [ '5.2.1', '5.1.2' ],
143 silly audit   'delayed-stream': [ '1.0.0' ],
143 silly audit   'mime-db': [ '1.52.0' ],
143 silly audit   'core-util-is': [ '1.0.3' ],
143 silly audit   inherits: [ '2.0.4' ],
143 silly audit   'process-nextick-args': [ '2.0.1' ],
143 silly audit   string_decoder: [ '1.1.1' ]
143 silly audit }
144 verbose reify failed optional dependency C:\Users\LUBS\Desktop\Visionate-Digital\node_modules\fsevents
145 silly reify mark deleted [
145 silly reify   'C:\\Users\\LUBS\\Desktop\\Visionate-Digital\\node_modules\\fsevents'
145 silly reify ]
146 verbose reify failed optional dependency C:\Users\LUBS\Desktop\Visionate-Digital\node_modules\@next\swc-win32-arm64-msvc
147 silly reify mark deleted [
147 silly reify   'C:\\Users\\LUBS\\Desktop\\Visionate-Digital\\node_modules\\@next\\swc-win32-arm64-msvc'
147 silly reify ]
148 verbose reify failed optional dependency C:\Users\LUBS\Desktop\Visionate-Digital\node_modules\@next\swc-linux-x64-musl
149 silly reify mark deleted [
149 silly reify   'C:\\Users\\LUBS\\Desktop\\Visionate-Digital\\node_modules\\@next\\swc-linux-x64-musl'
149 silly reify ]
150 verbose reify failed optional dependency C:\Users\LUBS\Desktop\Visionate-Digital\node_modules\@next\swc-linux-x64-gnu
151 silly reify mark deleted [
151 silly reify   'C:\\Users\\LUBS\\Desktop\\Visionate-Digital\\node_modules\\@next\\swc-linux-x64-gnu'
151 silly reify ]
152 verbose reify failed optional dependency C:\Users\LUBS\Desktop\Visionate-Digital\node_modules\@next\swc-linux-arm64-musl
153 silly reify mark deleted [
153 silly reify   'C:\\Users\\LUBS\\Desktop\\Visionate-Digital\\node_modules\\@next\\swc-linux-arm64-musl'
153 silly reify ]
154 verbose reify failed optional dependency C:\Users\LUBS\Desktop\Visionate-Digital\node_modules\@next\swc-linux-arm64-gnu
155 silly reify mark deleted [
155 silly reify   'C:\\Users\\LUBS\\Desktop\\Visionate-Digital\\node_modules\\@next\\swc-linux-arm64-gnu'
155 silly reify ]
156 verbose reify failed optional dependency C:\Users\LUBS\Desktop\Visionate-Digital\node_modules\@next\swc-darwin-x64
157 silly reify mark deleted [
157 silly reify   'C:\\Users\\LUBS\\Desktop\\Visionate-Digital\\node_modules\\@next\\swc-darwin-x64'
157 silly reify ]
158 verbose reify failed optional dependency C:\Users\LUBS\Desktop\Visionate-Digital\node_modules\@next\swc-darwin-arm64
159 silly reify mark deleted [
159 silly reify   'C:\\Users\\LUBS\\Desktop\\Visionate-Digital\\node_modules\\@next\\swc-darwin-arm64'
159 silly reify ]
160 verbose reify failed optional dependency C:\Users\LUBS\Desktop\Visionate-Digital\node_modules\@img\sharp-win32-ia32
161 silly reify mark deleted [
161 silly reify   'C:\\Users\\LUBS\\Desktop\\Visionate-Digital\\node_modules\\@img\\sharp-win32-ia32'
161 silly reify ]
162 verbose reify failed optional dependency C:\Users\LUBS\Desktop\Visionate-Digital\node_modules\@img\sharp-wasm32
163 silly reify mark deleted [
163 silly reify   'C:\\Users\\LUBS\\Desktop\\Visionate-Digital\\node_modules\\@img\\sharp-wasm32'
163 silly reify ]
164 verbose reify failed optional dependency C:\Users\LUBS\Desktop\Visionate-Digital\node_modules\@emnapi\runtime
165 silly reify mark deleted [
165 silly reify   'C:\\Users\\LUBS\\Desktop\\Visionate-Digital\\node_modules\\@emnapi\\runtime'
165 silly reify ]
166 verbose reify failed optional dependency C:\Users\LUBS\Desktop\Visionate-Digital\node_modules\@img\sharp-linuxmusl-x64
167 silly reify mark deleted [
167 silly reify   'C:\\Users\\LUBS\\Desktop\\Visionate-Digital\\node_modules\\@img\\sharp-linuxmusl-x64'
167 silly reify ]
168 verbose reify failed optional dependency C:\Users\LUBS\Desktop\Visionate-Digital\node_modules\@img\sharp-linuxmusl-arm64
169 silly reify mark deleted [
169 silly reify   'C:\\Users\\LUBS\\Desktop\\Visionate-Digital\\node_modules\\@img\\sharp-linuxmusl-arm64'
169 silly reify ]
170 verbose reify failed optional dependency C:\Users\LUBS\Desktop\Visionate-Digital\node_modules\@img\sharp-linux-x64
171 silly reify mark deleted [
171 silly reify   'C:\\Users\\LUBS\\Desktop\\Visionate-Digital\\node_modules\\@img\\sharp-linux-x64'
171 silly reify ]
172 verbose reify failed optional dependency C:\Users\LUBS\Desktop\Visionate-Digital\node_modules\@img\sharp-linux-s390x
173 silly reify mark deleted [
173 silly reify   'C:\\Users\\LUBS\\Desktop\\Visionate-Digital\\node_modules\\@img\\sharp-linux-s390x'
173 silly reify ]
174 verbose reify failed optional dependency C:\Users\LUBS\Desktop\Visionate-Digital\node_modules\@img\sharp-linux-arm64
175 silly reify mark deleted [
175 silly reify   'C:\\Users\\LUBS\\Desktop\\Visionate-Digital\\node_modules\\@img\\sharp-linux-arm64'
175 silly reify ]
176 verbose reify failed optional dependency C:\Users\LUBS\Desktop\Visionate-Digital\node_modules\@img\sharp-linux-arm
177 silly reify mark deleted [
177 silly reify   'C:\\Users\\LUBS\\Desktop\\Visionate-Digital\\node_modules\\@img\\sharp-linux-arm'
177 silly reify ]
178 verbose reify failed optional dependency C:\Users\LUBS\Desktop\Visionate-Digital\node_modules\@img\sharp-libvips-linuxmusl-x64
179 silly reify mark deleted [
179 silly reify   'C:\\Users\\LUBS\\Desktop\\Visionate-Digital\\node_modules\\@img\\sharp-libvips-linuxmusl-x64'
179 silly reify ]
180 verbose reify failed optional dependency C:\Users\LUBS\Desktop\Visionate-Digital\node_modules\@img\sharp-libvips-linuxmusl-arm64
181 silly reify mark deleted [
181 silly reify   'C:\\Users\\LUBS\\Desktop\\Visionate-Digital\\node_modules\\@img\\sharp-libvips-linuxmusl-arm64'
181 silly reify ]
182 verbose reify failed optional dependency C:\Users\LUBS\Desktop\Visionate-Digital\node_modules\@img\sharp-libvips-linux-x64
183 silly reify mark deleted [
183 silly reify   'C:\\Users\\LUBS\\Desktop\\Visionate-Digital\\node_modules\\@img\\sharp-libvips-linux-x64'
183 silly reify ]
184 verbose reify failed optional dependency C:\Users\LUBS\Desktop\Visionate-Digital\node_modules\@img\sharp-libvips-linux-s390x
185 silly reify mark deleted [
185 silly reify   'C:\\Users\\LUBS\\Desktop\\Visionate-Digital\\node_modules\\@img\\sharp-libvips-linux-s390x'
185 silly reify ]
186 verbose reify failed optional dependency C:\Users\LUBS\Desktop\Visionate-Digital\node_modules\@img\sharp-libvips-linux-arm64
187 silly reify mark deleted [
187 silly reify   'C:\\Users\\LUBS\\Desktop\\Visionate-Digital\\node_modules\\@img\\sharp-libvips-linux-arm64'
187 silly reify ]
188 verbose reify failed optional dependency C:\Users\LUBS\Desktop\Visionate-Digital\node_modules\@img\sharp-libvips-linux-arm
189 silly reify mark deleted [
189 silly reify   'C:\\Users\\LUBS\\Desktop\\Visionate-Digital\\node_modules\\@img\\sharp-libvips-linux-arm'
189 silly reify ]
190 verbose reify failed optional dependency C:\Users\LUBS\Desktop\Visionate-Digital\node_modules\@img\sharp-libvips-darwin-x64
191 silly reify mark deleted [
191 silly reify   'C:\\Users\\LUBS\\Desktop\\Visionate-Digital\\node_modules\\@img\\sharp-libvips-darwin-x64'
191 silly reify ]
192 verbose reify failed optional dependency C:\Users\LUBS\Desktop\Visionate-Digital\node_modules\@img\sharp-libvips-darwin-arm64
193 silly reify mark deleted [
193 silly reify   'C:\\Users\\LUBS\\Desktop\\Visionate-Digital\\node_modules\\@img\\sharp-libvips-darwin-arm64'
193 silly reify ]
194 verbose reify failed optional dependency C:\Users\LUBS\Desktop\Visionate-Digital\node_modules\@img\sharp-darwin-x64
195 silly reify mark deleted [
195 silly reify   'C:\\Users\\LUBS\\Desktop\\Visionate-Digital\\node_modules\\@img\\sharp-darwin-x64'
195 silly reify ]
196 verbose reify failed optional dependency C:\Users\LUBS\Desktop\Visionate-Digital\node_modules\@img\sharp-darwin-arm64
197 silly reify mark deleted [
197 silly reify   'C:\\Users\\LUBS\\Desktop\\Visionate-Digital\\node_modules\\@img\\sharp-darwin-arm64'
197 silly reify ]
198 http cache string_decoder@https://registry.npmjs.org/string_decoder/-/string_decoder-1.1.1.tgz 0ms (cache hit)
199 http cache process-nextick-args@https://registry.npmjs.org/process-nextick-args/-/process-nextick-args-2.0.1.tgz 0ms (cache hit)
200 http cache inherits@https://registry.npmjs.org/inherits/-/inherits-2.0.4.tgz 0ms (cache hit)
201 http cache core-util-is@https://registry.npmjs.org/core-util-is/-/core-util-is-1.0.3.tgz 0ms (cache hit)
202 http cache mime-db@https://registry.npmjs.org/mime-db/-/mime-db-1.52.0.tgz 0ms (cache hit)
203 http cache delayed-stream@https://registry.npmjs.org/delayed-stream/-/delayed-stream-1.0.0.tgz 0ms (cache hit)
204 http cache safe-buffer@https://registry.npmjs.org/safe-buffer/-/safe-buffer-5.2.1.tgz 0ms (cache hit)
205 http cache mime-types@https://registry.npmjs.org/mime-types/-/mime-types-2.1.35.tgz 0ms (cache hit)
206 http cache combined-stream@https://registry.npmjs.org/combined-stream/-/combined-stream-1.0.8.tgz 0ms (cache hit)
207 http cache asynckit@https://registry.npmjs.org/asynckit/-/asynckit-0.4.0.tgz 0ms (cache hit)
208 http cache readable-stream@https://registry.npmjs.org/readable-stream/-/readable-stream-2.3.8.tgz 0ms (cache hit)
209 http cache qs@https://registry.npmjs.org/qs/-/qs-6.14.0.tgz 0ms (cache hit)
210 http cache methods@https://registry.npmjs.org/methods/-/methods-1.1.2.tgz 0ms (cache hit)
211 http cache mime@https://registry.npmjs.org/mime/-/mime-1.6.0.tgz 0ms (cache hit)
212 http cache formidable@https://registry.npmjs.org/formidable/-/formidable-1.2.6.tgz 0ms (cache hit)
213 http cache form-data@https://registry.npmjs.org/form-data/-/form-data-2.5.3.tgz 0ms (cache hit)
214 http cache extend@https://registry.npmjs.org/extend/-/extend-3.0.2.tgz 0ms (cache hit)
215 http cache cookiejar@https://registry.npmjs.org/cookiejar/-/cookiejar-2.1.4.tgz 0ms (cache hit)
216 http cache component-emitter@https://registry.npmjs.org/component-emitter/-/component-emitter-1.3.1.tgz 0ms (cache hit)
217 http cache superagent@https://registry.npmjs.org/superagent/-/superagent-3.8.1.tgz 0ms (cache hit)
218 http cache dotenv@https://registry.npmjs.org/dotenv/-/dotenv-8.6.0.tgz 0ms (cache hit)
219 http cache @mailchimp/mailchimp_marketing@https://registry.npmjs.org/@mailchimp/mailchimp_marketing/-/mailchimp_marketing-3.0.80.tgz 0ms (cache hit)
220 http cache @emnapi/runtime@https://registry.npmjs.org/@emnapi/runtime/-/runtime-1.3.1.tgz 0ms (cache hit)
221 http cache safe-buffer@https://registry.npmjs.org/safe-buffer/-/safe-buffer-5.1.2.tgz 0ms (cache hit)
222 http cache safe-buffer@https://registry.npmjs.org/safe-buffer/-/safe-buffer-5.1.2.tgz 0ms (cache hit)
223 http cache isarray@https://registry.npmjs.org/isarray/-/isarray-1.0.0.tgz 0ms (cache hit)
224 http cache debug@https://registry.npmjs.org/debug/-/debug-3.2.7.tgz 0ms (cache hit)
225 silly tarball no local data for string_decoder@https://registry.npmjs.org/string_decoder/-/string_decoder-1.1.1.tgz. Extracting by manifest.
226 silly tarball no local data for process-nextick-args@https://registry.npmjs.org/process-nextick-args/-/process-nextick-args-2.0.1.tgz. Extracting by manifest.
227 silly tarball no local data for inherits@https://registry.npmjs.org/inherits/-/inherits-2.0.4.tgz. Extracting by manifest.
228 silly tarball no local data for core-util-is@https://registry.npmjs.org/core-util-is/-/core-util-is-1.0.3.tgz. Extracting by manifest.
229 silly tarball no local data for mime-db@https://registry.npmjs.org/mime-db/-/mime-db-1.52.0.tgz. Extracting by manifest.
230 silly tarball no local data for delayed-stream@https://registry.npmjs.org/delayed-stream/-/delayed-stream-1.0.0.tgz. Extracting by manifest.
231 silly tarball no local data for safe-buffer@https://registry.npmjs.org/safe-buffer/-/safe-buffer-5.2.1.tgz. Extracting by manifest.
232 silly tarball no local data for mime-types@https://registry.npmjs.org/mime-types/-/mime-types-2.1.35.tgz. Extracting by manifest.
233 silly tarball no local data for combined-stream@https://registry.npmjs.org/combined-stream/-/combined-stream-1.0.8.tgz. Extracting by manifest.
234 silly tarball no local data for asynckit@https://registry.npmjs.org/asynckit/-/asynckit-0.4.0.tgz. Extracting by manifest.
235 silly tarball no local data for readable-stream@https://registry.npmjs.org/readable-stream/-/readable-stream-2.3.8.tgz. Extracting by manifest.
236 silly tarball no local data for qs@https://registry.npmjs.org/qs/-/qs-6.14.0.tgz. Extracting by manifest.
237 silly tarball no local data for methods@https://registry.npmjs.org/methods/-/methods-1.1.2.tgz. Extracting by manifest.
238 silly tarball no local data for mime@https://registry.npmjs.org/mime/-/mime-1.6.0.tgz. Extracting by manifest.
239 silly tarball no local data for formidable@https://registry.npmjs.org/formidable/-/formidable-1.2.6.tgz. Extracting by manifest.
240 silly tarball no local data for form-data@https://registry.npmjs.org/form-data/-/form-data-2.5.3.tgz. Extracting by manifest.
241 silly tarball no local data for extend@https://registry.npmjs.org/extend/-/extend-3.0.2.tgz. Extracting by manifest.
242 silly tarball no local data for cookiejar@https://registry.npmjs.org/cookiejar/-/cookiejar-2.1.4.tgz. Extracting by manifest.
243 silly tarball no local data for component-emitter@https://registry.npmjs.org/component-emitter/-/component-emitter-1.3.1.tgz. Extracting by manifest.
244 silly tarball no local data for superagent@https://registry.npmjs.org/superagent/-/superagent-3.8.1.tgz. Extracting by manifest.
245 silly tarball no local data for dotenv@https://registry.npmjs.org/dotenv/-/dotenv-8.6.0.tgz. Extracting by manifest.
246 silly tarball no local data for @mailchimp/mailchimp_marketing@https://registry.npmjs.org/@mailchimp/mailchimp_marketing/-/mailchimp_marketing-3.0.80.tgz. Extracting by manifest.
247 silly tarball no local data for safe-buffer@https://registry.npmjs.org/safe-buffer/-/safe-buffer-5.1.2.tgz. Extracting by manifest.
248 silly tarball no local data for safe-buffer@https://registry.npmjs.org/safe-buffer/-/safe-buffer-5.1.2.tgz. Extracting by manifest.
249 silly tarball no local data for isarray@https://registry.npmjs.org/isarray/-/isarray-1.0.0.tgz. Extracting by manifest.
250 http fetch GET 200 https://registry.npmjs.org/process-nextick-args/-/process-nextick-args-2.0.1.tgz 188ms (cache miss)
251 http fetch GET 200 https://registry.npmjs.org/string_decoder/-/string_decoder-1.1.1.tgz 285ms (cache miss)
252 http fetch POST 200 https://registry.npmjs.org/-/npm/v1/security/advisories/bulk 720ms
253 silly audit report {
253 silly audit report   next: [
253 silly audit report     {
253 silly audit report       id: 1101437,
253 silly audit report       url: 'https://github.com/advisories/GHSA-7m27-7ghc-44w9',
253 silly audit report       title: 'Next.js Allows a Denial of Service (DoS) with Server Actions',
253 silly audit report       severity: 'moderate',
253 silly audit report       vulnerable_versions: '>=15.0.0 <15.1.2',
253 silly audit report       cwe: [Array],
253 silly audit report       cvss: [Object]
253 silly audit report     },
253 silly audit report     {
253 silly audit report       id: 1103368,
253 silly audit report       url: 'https://github.com/advisories/GHSA-f82v-jwr5-mffw',
253 silly audit report       title: 'Authorization Bypass in Next.js Middleware',
253 silly audit report       severity: 'critical',
253 silly audit report       vulnerable_versions: '>=15.0.0 <15.2.3',
253 silly audit report       cwe: [Array],
253 silly audit report       cvss: [Object]
253 silly audit report     }
253 silly audit report   ]
253 silly audit report }
254 silly packumentCache corgi:https://registry.npmjs.org/next cache-miss
255 http fetch GET 200 https://registry.npmjs.org/form-data/-/form-data-2.5.3.tgz 739ms (cache miss)
256 http fetch GET 200 https://registry.npmjs.org/formidable/-/formidable-1.2.6.tgz 755ms (cache miss)
257 http fetch GET 200 https://registry.npmjs.org/cookiejar/-/cookiejar-2.1.4.tgz 882ms (cache miss)
258 http fetch GET 200 https://registry.npmjs.org/extend/-/extend-3.0.2.tgz 885ms (cache miss)
259 http fetch GET 200 https://registry.npmjs.org/component-emitter/-/component-emitter-1.3.1.tgz 898ms (cache miss)
260 http fetch GET 200 https://registry.npmjs.org/delayed-stream/-/delayed-stream-1.0.0.tgz 1502ms (cache miss)
261 warn deprecated formidable@1.2.6: Please upgrade to latest, formidable@v2 or formidable@v3! Check these notes: https://bit.ly/2ZEqIau
262 http fetch GET 200 https://registry.npmjs.org/inherits/-/inherits-2.0.4.tgz 2438ms (cache miss)
263 http fetch GET 200 https://registry.npmjs.org/core-util-is/-/core-util-is-1.0.3.tgz 2450ms (cache miss)
264 http fetch GET 200 https://registry.npmjs.org/methods/-/methods-1.1.2.tgz 2575ms (cache miss)
265 http fetch GET 200 https://registry.npmjs.org/combined-stream/-/combined-stream-1.0.8.tgz 2624ms (cache miss)
266 http fetch GET 200 https://registry.npmjs.org/dotenv/-/dotenv-8.6.0.tgz 2934ms (cache miss)
267 http fetch GET 200 https://registry.npmjs.org/safe-buffer/-/safe-buffer-5.2.1.tgz 3089ms (cache miss)
268 http fetch GET 200 https://registry.npmjs.org/isarray/-/isarray-1.0.0.tgz 3143ms (cache miss)
269 http fetch GET 200 https://registry.npmjs.org/mime-types/-/mime-types-2.1.35.tgz 3292ms (cache miss)
270 http fetch GET 200 https://registry.npmjs.org/safe-buffer/-/safe-buffer-5.1.2.tgz 3378ms (cache miss)
271 http fetch GET 200 https://registry.npmjs.org/safe-buffer/-/safe-buffer-5.1.2.tgz 3392ms (cache miss)
272 http fetch GET 200 https://registry.npmjs.org/mime/-/mime-1.6.0.tgz 3568ms (cache miss)
273 http fetch GET 200 https://registry.npmjs.org/mime-db/-/mime-db-1.52.0.tgz 3598ms (cache miss)
274 http fetch GET 200 https://registry.npmjs.org/asynckit/-/asynckit-0.4.0.tgz 3803ms (cache miss)
275 http fetch GET 200 https://registry.npmjs.org/readable-stream/-/readable-stream-2.3.8.tgz 3889ms (cache miss)
276 http fetch GET 200 https://registry.npmjs.org/qs/-/qs-6.14.0.tgz 3921ms (cache miss)
277 http fetch GET 200 https://registry.npmjs.org/superagent/-/superagent-3.8.1.tgz 4084ms (cache miss)
278 warn deprecated superagent@3.8.1: Please upgrade to v9.0.0+ as we have fixed a public vulnerability with formidable dependency. Note that v9.0.0+ requires Node.js v14.18.0+. See https://github.com/ladjs/superagent/pull/1800 for insight. This project is supported and maintained by the team at Forward Email @ https://forwardemail.net
279 http fetch GET 200 https://registry.npmjs.org/@mailchimp/mailchimp_marketing/-/mailchimp_marketing-3.0.80.tgz 4787ms (cache miss)
280 http fetch GET 200 https://registry.npmjs.org/next 5650ms (cache updated)
281 silly packumentCache corgi:https://registry.npmjs.org/next set size:undefined disposed:false
282 silly packumentCache corgi:https://registry.npmjs.org/@vercel%2fanalytics cache-miss
283 http fetch GET 200 https://registry.npmjs.org/@vercel%2fanalytics 1034ms (cache updated)
284 silly packumentCache corgi:https://registry.npmjs.org/@vercel%2fanalytics set size:undefined disposed:false
285 silly ADD node_modules/string_decoder
286 silly ADD node_modules/string_decoder/node_modules/safe-buffer
287 silly ADD node_modules/process-nextick-args
288 silly ADD node_modules/inherits
289 silly ADD node_modules/core-util-is
290 silly ADD node_modules/mime-db
291 silly ADD node_modules/delayed-stream
292 silly ADD node_modules/safe-buffer
293 silly ADD node_modules/mime-types
294 silly ADD node_modules/combined-stream
295 silly ADD node_modules/asynckit
296 silly ADD node_modules/readable-stream
297 silly ADD node_modules/readable-stream/node_modules/safe-buffer
298 silly ADD node_modules/readable-stream/node_modules/isarray
299 silly ADD node_modules/qs
300 silly ADD node_modules/mime
301 silly ADD node_modules/methods
302 silly ADD node_modules/formidable
303 silly ADD node_modules/form-data
304 silly ADD node_modules/extend
305 silly ADD node_modules/cookiejar
306 silly ADD node_modules/component-emitter
307 silly ADD node_modules/superagent
308 silly ADD node_modules/superagent/node_modules/debug
309 silly ADD node_modules/dotenv
310 silly ADD node_modules/@mailchimp/mailchimp_marketing
311 silly ADD
312 silly ADD
313 silly ADD
314 silly ADD
315 silly ADD
316 silly ADD
317 silly ADD
318 silly ADD
319 silly ADD
320 silly ADD
321 silly ADD
322 silly ADD
323 silly ADD
324 silly ADD
325 silly ADD
326 silly ADD
327 silly ADD
328 silly ADD
329 silly ADD
330 silly ADD
331 silly ADD
332 silly ADD
333 silly ADD
334 silly ADD
335 silly ADD
336 silly ADD
337 silly ADD
338 verbose cwd C:\Users\LUBS\Desktop\Visionate-Digital
339 verbose os Windows_NT 10.0.19045
340 verbose node v22.14.0
341 verbose npm  v11.2.0
342 verbose exit 0
343 info ok
